<?xml version="1.0" encoding="UTF-8"?>
<!-- Generated by org.testng.reporters.JUnitReportReporter -->
<testsuite skipped="0" hostname="DESKTOP-CPGOFFM" name="com.TestLeaf.QA.TestCases.HomePageTest" tests="2" failures="0" timestamp="14 Oct 2020 05:03:28 GMT" time="26.826" errors="0">
  <testcase name="Home_page_Test" time="16.281" classname="com.TestLeaf.QA.TestCases.HomePageTest"/>
  <testcase name="Logo" time="10.545" classname="com.TestLeaf.QA.TestCases.HomePageTest"/>
</testsuite> <!-- com.TestLeaf.QA.TestCases.HomePageTest -->
