<?xml version="1.0" encoding="UTF-8"?>
<!-- Generated by org.testng.reporters.JUnitReportReporter -->
<testsuite skipped="0" hostname="DESKTOP-CPGOFFM" name="com.TestLeaf.QA.TestCases.FindLeadsPageTest" tests="2" failures="0" timestamp="15 Oct 2020 11:29:05 GMT" time="37.504" errors="0">
  <testcase name="homepage" time="17.261" classname="com.TestLeaf.QA.TestCases.FindLeadsPageTest"/>
  <testcase name="find_Leads" time="20.243" classname="com.TestLeaf.QA.TestCases.FindLeadsPageTest"/>
</testsuite> <!-- com.TestLeaf.QA.TestCases.FindLeadsPageTest -->
