<?xml version="1.0" encoding="UTF-8"?>
<!-- Generated by org.testng.reporters.JUnitReportReporter -->
<testsuite skipped="0" hostname="DESKTOP-CPGOFFM" name="com.TestLeaf.QA.Pages.FindLeadsPageTest" tests="2" failures="0" timestamp="14 Oct 2020 06:02:06 GMT" time="37.121" errors="0">
  <testcase name="homepage" time="17.072" classname="com.TestLeaf.QA.Pages.FindLeadsPageTest"/>
  <testcase name="find_Leads" time="20.049" classname="com.TestLeaf.QA.Pages.FindLeadsPageTest"/>
</testsuite> <!-- com.TestLeaf.QA.Pages.FindLeadsPageTest -->
